
PLAY [Tester la connexion à l'API Proxmox] *************************************

TASK [Récupérer les informations du cluster] ***********************************
ok: [localhost]

TASK [Afficher les noeuds Proxmox] *********************************************
ok: [localhost] => {
    "proxmox_nodes": {
        "changed": false,
        "failed": false,
        "proxmox_nodes": [
            {
                "cpu": 0.00279624681538557,
                "disk": 7774236672,
                "id": "node/a41-srv-03",
                "level": "",
                "maxcpu": 48,
                "maxdisk": 26175606784,
                "maxmem": 540912979968,
                "mem": 10196115456,
                "network": [
                    {
                        "altnames": [
                            "enp134s0f0",
                            "enx00e0ed5cbc9c"
                        ],
                        "exists": 1,
                        "families": [
                            "inet"
                        ],
                        "iface": "nic4",
                        "method": "manual",
                        "method6": "manual",
                        "priority": 7,
                        "type": "eth"
                    },
                    {
                        "altnames": [
                            "enp134s0f1",
                            "enx00e0ed5cbc9d"
                        ],
                        "exists": 1,
                        "families": [
                            "inet"
                        ],
                        "iface": "nic5",
                        "method": "manual",
                        "method6": "manual",
                        "priority": 8,
                        "type": "eth"
                    },
                    {
                        "altnames": [
                            "enx00e0ed5cbc9b"
                        ],
                        "exists": 1,
                        "families": [
                            "inet"
                        ],
                        "iface": "nic3",
                        "method": "manual",
                        "method6": "manual",
                        "priority": 6,
                        "type": "eth"
                    },
                    {
                        "altnames": [
                            "enx00e0ed5cbc9a"
                        ],
                        "exists": 1,
                        "families": [
                            "inet"
                        ],
                        "iface": "nic2",
                        "method": "manual",
                        "method6": "manual",
                        "priority": 5,
                        "type": "eth"
                    },
                    {
                        "active": 1,
                        "altnames": [
                            "enp3s0f0",
                            "ens15f0",
                            "enxac1f6b1ccfa8"
                        ],
                        "exists": 1,
                        "families": [
                            "inet"
                        ],
                        "iface": "nic0",
                        "method": "manual",
                        "method6": "manual",
                        "priority": 3,
                        "type": "eth"
                    },
                    {
                        "active": 1,
                        "address": "10.19.58.15",
                        "autostart": 1,
                        "bridge_fd": "0",
                        "bridge_ports": "nic1",
                        "bridge_stp": "off",
                        "cidr": "10.19.58.15/24",
                        "families": [
                            "inet"
                        ],
                        "iface": "vmbr1",
                        "method": "static",
                        "method6": "manual",
                        "netmask": "24",
                        "priority": 10,
                        "type": "bridge"
                    },
                    {
                        "active": 1,
                        "altnames": [
                            "enp3s0f1",
                            "ens15f1",
                            "enxac1f6b1ccfa9"
                        ],
                        "exists": 1,
                        "families": [
                            "inet"
                        ],
                        "iface": "nic1",
                        "method": "manual",
                        "method6": "manual",
                        "priority": 4,
                        "type": "eth"
                    },
                    {
                        "active": 1,
                        "address": "10.19.59.242",
                        "autostart": 1,
                        "bridge_fd": "0",
                        "bridge_ports": "nic0",
                        "bridge_stp": "off",
                        "bridge_vids": "280-283",
                        "bridge_vlan_aware": 1,
                        "cidr": "10.19.59.242/24",
                        "families": [
                            "inet"
                        ],
                        "gateway": "10.19.59.1",
                        "iface": "vmbr0",
                        "method": "static",
                        "method6": "manual",
                        "netmask": "24",
                        "priority": 9,
                        "type": "bridge"
                    }
                ],
                "node": "a41-srv-03",
                "ssl_fingerprint": "D9:C5:FF:76:65:1B:0F:62:99:4E:08:EE:98:2A:81:51:B7:17:A5:25:50:C9:E1:CC:17:89:13:89:FF:9A:AA:01",
                "status": "online",
                "type": "node",
                "uptime": 24387,
                "version": {
                    "release": "9.2",
                    "repoid": "b9984c6d90a4bd80",
                    "version": "9.2.2"
                }
            },
            {
                "cpu": 0.00414689498658964,
                "disk": 9790091264,
                "id": "node/a41-srv-01",
                "level": "",
                "maxcpu": 48,
                "maxdisk": 26175606784,
                "maxmem": 540911747072,
                "mem": 11246764032,
                "network": [
                    {
                        "altnames": [
                            "enx00e0ed5cbc59"
                        ],
                        "exists": 1,
                        "families": [
                            "inet"
                        ],
                        "iface": "nic3",
                        "method": "manual",
                        "method6": "manual",
                        "priority": 6,
                        "type": "eth"
                    },
                    {
                        "altnames": [
                            "enx00e0ed5cbc58"
                        ],
                        "exists": 1,
                        "families": [
                            "inet"
                        ],
                        "iface": "nic2",
                        "method": "manual",
                        "method6": "manual",
                        "priority": 5,
                        "type": "eth"
                    },
                    {
                        "altnames": [
                            "enp134s0f1",
                            "enx00e0ed5cbc5b"
                        ],
                        "exists": 1,
                        "families": [
                            "inet"
                        ],
                        "iface": "nic5",
                        "method": "manual",
                        "method6": "manual",
                        "priority": 8,
                        "type": "eth"
                    },
                    {
                        "active": 1,
                        "altnames": [
                            "enp3s0f1",
                            "ens15f1",
                            "enxac1f6b1cd00d"
                        ],
                        "exists": 1,
                        "families": [
                            "inet"
                        ],
                        "iface": "nic1",
                        "method": "manual",
                        "method6": "manual",
                        "priority": 4,
                        "type": "eth"
                    },
                    {
                        "active": 1,
                        "altnames": [
                            "enp3s0f0",
                            "ens15f0",
                            "enxac1f6b1cd00c"
                        ],
                        "exists": 1,
                        "families": [
                            "inet"
                        ],
                        "iface": "nic0",
                        "method": "manual",
                        "method6": "manual",
                        "priority": 3,
                        "type": "eth"
                    },
                    {
                        "altnames": [
                            "enp134s0f0",
                            "enx00e0ed5cbc5a"
                        ],
                        "exists": 1,
                        "families": [
                            "inet"
                        ],
                        "iface": "nic4",
                        "method": "manual",
                        "method6": "manual",
                        "priority": 7,
                        "type": "eth"
                    },
                    {
                        "active": 1,
                        "address": "10.19.59.240",
                        "autostart": 1,
                        "bridge_fd": "0",
                        "bridge_ports": "nic0",
                        "bridge_stp": "off",
                        "bridge_vids": "280-282",
                        "bridge_vlan_aware": 1,
                        "cidr": "10.19.59.240/24",
                        "families": [
                            "inet"
                        ],
                        "gateway": "10.19.59.1",
                        "iface": "vmbr0",
                        "method": "static",
                        "method6": "manual",
                        "netmask": "24",
                        "priority": 9,
                        "type": "bridge"
                    },
                    {
                        "active": 1,
                        "address": "10.19.58.11",
                        "autostart": 1,
                        "bridge_fd": "0",
                        "bridge_ports": "nic1",
                        "bridge_stp": "off",
                        "cidr": "10.19.58.11/24",
                        "families": [
                            "inet"
                        ],
                        "iface": "vmbr1",
                        "method": "static",
                        "method6": "manual",
                        "netmask": "24",
                        "priority": 10,
                        "type": "bridge"
                    }
                ],
                "node": "a41-srv-01",
                "ssl_fingerprint": "47:14:78:7C:F5:8E:4B:DB:4C:2D:F1:62:42:9A:5D:73:DE:DE:34:54:FA:BF:98:57:B5:2C:C4:C1:FC:BC:F8:D5",
                "status": "online",
                "type": "node",
                "uptime": 24544,
                "version": {
                    "release": "9.2",
                    "repoid": "b9984c6d90a4bd80",
                    "version": "9.2.2"
                }
            },
            {
                "cpu": 0.00316363484993548,
                "disk": 7051481088,
                "id": "node/a41-srv-02",
                "level": "",
                "maxcpu": 48,
                "maxdisk": 26175606784,
                "maxmem": 540912971776,
                "mem": 9141772288,
                "network": [
                    {
                        "altnames": [
                            "enx00e0ed5cbcab"
                        ],
                        "exists": 1,
                        "families": [
                            "inet"
                        ],
                        "iface": "nic3",
                        "method": "manual",
                        "method6": "manual",
                        "priority": 6,
                        "type": "eth"
                    },
                    {
                        "active": 1,
                        "altnames": [
                            "enp3s0f1",
                            "ens15f1",
                            "enxac1f6b1ccfb9"
                        ],
                        "exists": 1,
                        "families": [
                            "inet"
                        ],
                        "iface": "nic1",
                        "method": "manual",
                        "method6": "manual",
                        "priority": 4,
                        "type": "eth"
                    },
                    {
                        "altnames": [
                            "enx00e0ed5cbcaa"
                        ],
                        "exists": 1,
                        "families": [
                            "inet"
                        ],
                        "iface": "nic2",
                        "method": "manual",
                        "method6": "manual",
                        "priority": 5,
                        "type": "eth"
                    },
                    {
                        "active": 1,
                        "altnames": [
                            "enp3s0f0",
                            "ens15f0",
                            "enxac1f6b1ccfb8"
                        ],
                        "exists": 1,
                        "families": [
                            "inet"
                        ],
                        "iface": "nic0",
                        "method": "manual",
                        "method6": "manual",
                        "priority": 3,
                        "type": "eth"
                    },
                    {
                        "active": 1,
                        "address": "10.19.59.241",
                        "autostart": 1,
                        "bridge_fd": "0",
                        "bridge_ports": "nic0",
                        "bridge_stp": "off",
                        "bridge_vids": "280-282",
                        "bridge_vlan_aware": 1,
                        "cidr": "10.19.59.241/24",
                        "families": [
                            "inet"
                        ],
                        "gateway": "10.19.59.1",
                        "iface": "vmbr0",
                        "method": "static",
                        "method6": "manual",
                        "netmask": "24",
                        "priority": 9,
                        "type": "bridge"
                    },
                    {
                        "active": 1,
                        "address": "10.19.58.13",
                        "autostart": 1,
                        "bridge_fd": "0",
                        "bridge_ports": "nic1",
                        "bridge_stp": "off",
                        "cidr": "10.19.58.13/24",
                        "families": [
                            "inet"
                        ],
                        "iface": "vmbr1",
                        "method": "static",
                        "method6": "manual",
                        "netmask": "24",
                        "priority": 10,
                        "type": "bridge"
                    },
                    {
                        "altnames": [
                            "enp134s0f1",
                            "enx00e0ed5cbcad"
                        ],
                        "exists": 1,
                        "families": [
                            "inet"
                        ],
                        "iface": "nic5",
                        "method": "manual",
                        "method6": "manual",
                        "priority": 8,
                        "type": "eth"
                    },
                    {
                        "altnames": [
                            "enp134s0f0",
                            "enx00e0ed5cbcac"
                        ],
                        "exists": 1,
                        "families": [
                            "inet"
                        ],
                        "iface": "nic4",
                        "method": "manual",
                        "method6": "manual",
                        "priority": 7,
                        "type": "eth"
                    }
                ],
                "node": "a41-srv-02",
                "ssl_fingerprint": "54:31:2A:AC:1D:23:D0:4C:0F:D6:D6:09:C2:7F:ED:27:3C:DB:6D:43:A9:02:B1:A2:3B:A8:03:56:A0:CB:B0:55",
                "status": "online",
                "type": "node",
                "uptime": 4955,
                "version": {
                    "release": "9.1",
                    "repoid": "8eac2c86f015bdda",
                    "version": "9.1.11"
                }
            }
        ]
    }
}

PLAY RECAP *********************************************************************
localhost                  : ok=2    changed=0    unreachable=0    failed=0    skipped=0    rescued=0    ignored=0   

